/home/mehdi/miniconda3/lib/python3.13/site-packages/torchvision/datasets/cifar.py:83: VisibleDeprecationWarning: dtype(): align should be passed as Python or NumPy boolean but got `align=0`. Did you mean to pass a tuple to create a subarray type? (Deprecated NumPy 2.4)
  entry = pickle.load(f, encoding="latin1")
Cihaz: cuda
Train: 50000 | Test: 10000
Parametre sayısı: 57,044,810 | pretrained=True
Epoch 01/20 | train_loss=0.5411 train_acc=0.8110 | test_loss=0.3477 test_acc=0.8819
Epoch 02/20 | train_loss=0.2868 train_acc=0.9003 | test_loss=0.3190 test_acc=0.8926
Epoch 03/20 | train_loss=0.1872 train_acc=0.9344 | test_loss=0.2743 test_acc=0.9060
Epoch 04/20 | train_loss=0.1311 train_acc=0.9539 | test_loss=0.2748 test_acc=0.9108
Epoch 05/20 | train_loss=0.0924 train_acc=0.9671 | test_loss=0.2738 test_acc=0.9158
Epoch 06/20 | train_loss=0.0774 train_acc=0.9729 | test_loss=0.2887 test_acc=0.9148
Epoch 07/20 | train_loss=0.0588 train_acc=0.9794 | test_loss=0.3140 test_acc=0.9154
Epoch 08/20 | train_loss=0.0506 train_acc=0.9825 | test_loss=0.2943 test_acc=0.9180
Epoch 09/20 | train_loss=0.0469 train_acc=0.9836 | test_loss=0.3433 test_acc=0.9120
Epoch 10/20 | train_loss=0.0419 train_acc=0.9859 | test_loss=0.3396 test_acc=0.9122
Epoch 11/20 | train_loss=0.0414 train_acc=0.9857 | test_loss=0.3288 test_acc=0.9139
Epoch 12/20 | train_loss=0.0367 train_acc=0.9878 | test_loss=0.3718 test_acc=0.9118
Epoch 13/20 | train_loss=0.0328 train_acc=0.9889 | test_loss=0.3505 test_acc=0.9086
Epoch 14/20 | train_loss=0.0331 train_acc=0.9888 | test_loss=0.3901 test_acc=0.9090
Epoch 15/20 | train_loss=0.0333 train_acc=0.9881 | test_loss=0.3715 test_acc=0.9159
Epoch 16/20 | train_loss=0.0277 train_acc=0.9906 | test_loss=0.3498 test_acc=0.9172
Epoch 17/20 | train_loss=0.0288 train_acc=0.9905 | test_loss=0.3786 test_acc=0.9144
Epoch 18/20 | train_loss=0.0274 train_acc=0.9908 | test_loss=0.3961 test_acc=0.9064
Epoch 19/20 | train_loss=0.0289 train_acc=0.9906 | test_loss=0.3749 test_acc=0.9143
Epoch 20/20 | train_loss=0.0282 train_acc=0.9906 | test_loss=0.3712 test_acc=0.9146
Toplam eğitim süresi: 1126.0 sn
Checkpoint kaydedildi: /home/mehdi/DeepLearning/Project-2/model3_alexnet/checkpoint.pth

=== ÖZET ===
{
  "model": "Model 3 — AlexNet (pretrained, fine-tuned)",
  "dataset": "CIFAR-10 (resize 224)",
  "device": "cuda",
  "epochs": 20,
  "batch_size": 128,
  "optimizer": "Adam",
  "learning_rate": 0.0001,
  "pretrained": true,
  "num_parameters": 57044810,
  "training_time_sec": 1126.04,
  "test_loss": 0.3712,
  "test_accuracy": 0.9146,
  "precision_macro": 0.9167,
  "recall_macro": 0.9146,
  "f1_macro": 0.9149
}
Çıktılar: /home/mehdi/DeepLearning/Project-2/model3_alexnet/outputs
