/home/mehdi/miniconda3/lib/python3.13/site-packages/torchvision/datasets/cifar.py:83: VisibleDeprecationWarning: dtype(): align should be passed as Python or NumPy boolean but got `align=0`. Did you mean to pass a tuple to create a subarray type? (Deprecated NumPy 2.4)
  entry = pickle.load(f, encoding="latin1")
Cihaz: cuda
Train: 50000 | Test: 10000
Parametre sayısı: 62,006
Epoch 01/20 | train_loss=1.5996 train_acc=0.4183 | test_loss=1.3922 test_acc=0.4951
Epoch 02/20 | train_loss=1.2989 train_acc=0.5329 | test_loss=1.2380 test_acc=0.5547
Epoch 03/20 | train_loss=1.1814 train_acc=0.5794 | test_loss=1.1711 test_acc=0.5807
Epoch 04/20 | train_loss=1.1002 train_acc=0.6104 | test_loss=1.1115 test_acc=0.6038
Epoch 05/20 | train_loss=1.0381 train_acc=0.6316 | test_loss=1.0808 test_acc=0.6182
Epoch 06/20 | train_loss=0.9852 train_acc=0.6498 | test_loss=1.1171 test_acc=0.6077
Epoch 07/20 | train_loss=0.9425 train_acc=0.6666 | test_loss=1.0561 test_acc=0.6306
Epoch 08/20 | train_loss=0.9021 train_acc=0.6800 | test_loss=1.0943 test_acc=0.6230
Epoch 09/20 | train_loss=0.8650 train_acc=0.6919 | test_loss=1.0897 test_acc=0.6253
Epoch 10/20 | train_loss=0.8295 train_acc=0.7068 | test_loss=1.0907 test_acc=0.6326
Epoch 11/20 | train_loss=0.8026 train_acc=0.7170 | test_loss=1.1084 test_acc=0.6314
Epoch 12/20 | train_loss=0.7738 train_acc=0.7243 | test_loss=1.0856 test_acc=0.6365
Epoch 13/20 | train_loss=0.7430 train_acc=0.7360 | test_loss=1.1160 test_acc=0.6298
Epoch 14/20 | train_loss=0.7207 train_acc=0.7463 | test_loss=1.1221 test_acc=0.6353
Epoch 15/20 | train_loss=0.7012 train_acc=0.7506 | test_loss=1.1107 test_acc=0.6296
Epoch 16/20 | train_loss=0.6721 train_acc=0.7611 | test_loss=1.1355 test_acc=0.6292
Epoch 17/20 | train_loss=0.6535 train_acc=0.7672 | test_loss=1.2036 test_acc=0.6254
Epoch 18/20 | train_loss=0.6325 train_acc=0.7740 | test_loss=1.2112 test_acc=0.6182
Epoch 19/20 | train_loss=0.6153 train_acc=0.7813 | test_loss=1.2008 test_acc=0.6315
Epoch 20/20 | train_loss=0.5933 train_acc=0.7912 | test_loss=1.2391 test_acc=0.6286
Toplam eğitim süresi: 120.2 sn

=== ÖZET ===
{
  "model": "Model 1 — LeNet-5 Temel",
  "dataset": "CIFAR-10",
  "device": "cuda",
  "epochs": 20,
  "batch_size": 64,
  "optimizer": "Adam",
  "learning_rate": 0.001,
  "num_parameters": 62006,
  "training_time_sec": 120.23,
  "test_loss": 1.2391,
  "test_accuracy": 0.6286,
  "precision_macro": 0.6275,
  "recall_macro": 0.6286,
  "f1_macro": 0.6271
}
Çıktılar: /home/mehdi/DeepLearning/Project-2/model1_lenet_basic/outputs
