/home/mehdi/miniconda3/lib/python3.13/site-packages/torchvision/datasets/cifar.py:83: VisibleDeprecationWarning: dtype(): align should be passed as Python or NumPy boolean but got `align=0`. Did you mean to pass a tuple to create a subarray type? (Deprecated NumPy 2.4)
  entry = pickle.load(f, encoding="latin1")
Cihaz: cuda
Train: 50000 | Test: 10000
Parametre sayısı: 62,458
Epoch 01/20 | train_loss=1.6988 train_acc=0.3778 | test_loss=1.4398 test_acc=0.4726
Epoch 02/20 | train_loss=1.4481 train_acc=0.4768 | test_loss=1.3559 test_acc=0.5149
Epoch 03/20 | train_loss=1.3588 train_acc=0.5145 | test_loss=1.2554 test_acc=0.5531
Epoch 04/20 | train_loss=1.2940 train_acc=0.5408 | test_loss=1.1455 test_acc=0.5918
Epoch 05/20 | train_loss=1.2548 train_acc=0.5585 | test_loss=1.1382 test_acc=0.5896
Epoch 06/20 | train_loss=1.2181 train_acc=0.5719 | test_loss=1.0855 test_acc=0.6153
Epoch 07/20 | train_loss=1.1958 train_acc=0.5827 | test_loss=1.0741 test_acc=0.6225
Epoch 08/20 | train_loss=1.1724 train_acc=0.5900 | test_loss=1.0667 test_acc=0.6217
Epoch 09/20 | train_loss=1.1519 train_acc=0.5970 | test_loss=1.0675 test_acc=0.6256
Epoch 10/20 | train_loss=1.1350 train_acc=0.6048 | test_loss=1.0726 test_acc=0.6170
Epoch 11/20 | train_loss=1.1211 train_acc=0.6125 | test_loss=1.0308 test_acc=0.6352
Epoch 12/20 | train_loss=1.0992 train_acc=0.6185 | test_loss=1.0285 test_acc=0.6376
Epoch 13/20 | train_loss=1.0940 train_acc=0.6207 | test_loss=1.0315 test_acc=0.6404
Epoch 14/20 | train_loss=1.0857 train_acc=0.6223 | test_loss=1.0109 test_acc=0.6438
Epoch 15/20 | train_loss=1.0715 train_acc=0.6312 | test_loss=1.0234 test_acc=0.6430
Epoch 16/20 | train_loss=1.0662 train_acc=0.6350 | test_loss=0.9705 test_acc=0.6619
Epoch 17/20 | train_loss=1.0500 train_acc=0.6364 | test_loss=1.0108 test_acc=0.6410
Epoch 18/20 | train_loss=1.0428 train_acc=0.6399 | test_loss=0.9813 test_acc=0.6578
Epoch 19/20 | train_loss=1.0403 train_acc=0.6422 | test_loss=0.9938 test_acc=0.6537
Epoch 20/20 | train_loss=1.0376 train_acc=0.6404 | test_loss=0.9822 test_acc=0.6601
Toplam eğitim süresi: 125.3 sn

=== ÖZET ===
{
  "model": "Model 2 — LeNet-5 İyileştirilmiş (BN + Dropout)",
  "dataset": "CIFAR-10",
  "device": "cuda",
  "epochs": 20,
  "batch_size": 64,
  "optimizer": "Adam",
  "learning_rate": 0.001,
  "num_parameters": 62458,
  "training_time_sec": 125.35,
  "test_loss": 0.9822,
  "test_accuracy": 0.6601,
  "precision_macro": 0.6533,
  "recall_macro": 0.6601,
  "f1_macro": 0.6508
}
Çıktılar: /home/mehdi/DeepLearning/Project-2/model2_lenet_improved/outputs
